2023/06/20 16:41:59 [notice] 31#31: using the "epoll" event method
2023/06/20 16:41:59 [notice] 31#31: nginx/1.21.6
2023/06/20 16:41:59 [notice] 31#31: built by gcc 10.2.1 20210110 (Debian 10.2.1-6) 
2023/06/20 16:41:59 [notice] 31#31: OS: Linux 5.15.49-linuxkit
2023/06/20 16:41:59 [notice] 31#31: getrlimit(RLIMIT_NOFILE): 1048576:1048576
2023/06/20 16:41:59 [notice] 31#31: start worker processes
2023/06/20 16:41:59 [notice] 31#31: start worker process 37
2023/06/20 16:41:59 [notice] 31#31: start worker process 38
2023/06/20 16:41:59 [notice] 31#31: start worker process 40
2023/06/20 16:41:59 [notice] 31#31: start worker process 41
2023/06/20 16:41:59 [emerg] 40#40: io_setup() failed (38: Function not implemented)
2023/06/20 16:41:59 [emerg] 41#41: io_setup() failed (38: Function not implemented)
2023/06/20 16:41:59 [emerg] 37#37: io_setup() failed (38: Function not implemented)
2023/06/20 16:41:59 [emerg] 38#38: io_setup() failed (38: Function not implemented)
2023/07/02 02:55:41 [notice] 32#32: using the "epoll" event method
2023/07/02 02:55:41 [notice] 32#32: nginx/1.21.6
2023/07/02 02:55:41 [notice] 32#32: built by gcc 10.2.1 20210110 (Debian 10.2.1-6) 
2023/07/02 02:55:41 [notice] 32#32: OS: Linux 5.15.49-linuxkit
2023/07/02 02:55:41 [notice] 32#32: getrlimit(RLIMIT_NOFILE): 1048576:1048576
2023/07/02 02:55:41 [notice] 32#32: start worker processes
2023/07/02 02:55:41 [notice] 32#32: start worker process 37
2023/07/02 02:55:41 [notice] 32#32: start worker process 38
2023/07/02 02:55:41 [notice] 32#32: start worker process 40
2023/07/02 02:55:41 [notice] 32#32: start worker process 41
2023/07/02 02:55:41 [emerg] 38#38: io_setup() failed (38: Function not implemented)
2023/07/02 02:55:41 [emerg] 40#40: io_setup() failed (38: Function not implemented)
2023/07/02 02:55:41 [emerg] 37#37: io_setup() failed (38: Function not implemented)
2023/07/02 02:55:41 [emerg] 41#41: io_setup() failed (38: Function not implemented)
